# JRE version: OpenJDK Runtime Environment (8.0_242-b01) (build 1.8.0_242-release-1644-b01)
# Java VM: OpenJDK 64-Bit Server VM (25.242-b01 mixed mode windows-amd64 compressed oops)
Heap:
 PSYoungGen      total 272896K, used 30379K [0x00000000e0000000, 0x00000000f4d80000, 0x0000000100000000)
  eden space 251904K, 12% used [0x00000000e0000000,0x00000000e1daad98,0x00000000ef600000)
  from space 20992K, 0% used [0x00000000ef600000,0x00000000ef600000,0x00000000f0a80000)
  to   space 10752K, 0% used [0x00000000f0a80000,0x00000000f0a80000,0x00000000f1500000)
 ParOldGen       total 103936K, used 35302K [0x00000000a0000000, 0x00000000a6580000, 0x00000000e0000000)
  object space 103936K, 33% used [0x00000000a0000000,0x00000000a22799d0,0x00000000a6580000)
 Metaspace       used 58270K, capacity 60392K, committed 60696K, reserved 1101824K
  class space    used 7933K, capacity 8411K, committed 8488K, reserved 1048576K
GC Heap History (10 events):
Event: 5.789 GC heap before
{Heap before GC invocations=6 (full 1):
 PSYoungGen      total 227328K, used 64483K [0x00000000e0000000, 0x00000000f1500000, 0x0000000100000000)
  eden space 216576K, 24% used [0x00000000e0000000,0x00000000e34801f0,0x00000000ed380000)
  from space 10752K, 99% used [0x00000000f0a80000,0x00000000f14f8cb8,0x00000000f1500000)
  to   space 10752K, 0% used [0x00000000f0000000,0x00000000f0000000,0x00000000f0a80000)
 ParOldGen       total 103936K, used 14111K [0x00000000a0000000, 0x00000000a6580000, 0x00000000e0000000)
  object space 103936K, 13% used [0x00000000a0000000,0x00000000a0dc7db0,0x00000000a6580000)
 Metaspace       used 34432K, capacity 35430K, committed 35496K, reserved 1079296K
  class space    used 4698K, capacity 4978K, committed 5032K, reserved 1048576K
Event: 5.801 GC heap after
Heap after GC invocations=6 (full 1):
 PSYoungGen      total 227328K, used 10001K [0x00000000e0000000, 0x00000000f1500000, 0x0000000100000000)
  eden space 216576K, 0% used [0x00000000e0000000,0x00000000e0000000,0x00000000ed380000)
  from space 10752K, 93% used [0x00000000f0000000,0x00000000f09c4420,0x00000000f0a80000)
  to   space 10752K, 0% used [0x00000000f0a80000,0x00000000f0a80000,0x00000000f1500000)
 ParOldGen       total 103936K, used 14119K [0x00000000a0000000, 0x00000000a6580000, 0x00000000e0000000)
  object space 103936K, 13% used [0x00000000a0000000,0x00000000a0dc9db0,0x00000000a6580000)
 Metaspace       used 34432K, capacity 35430K, committed 35496K, reserved 1079296K
  class space    used 4698K, capacity 4978K, committed 5032K, reserved 1048576K
}
Event: 5.801 GC heap before
{Heap before GC invocations=7 (full 2):
 PSYoungGen      total 227328K, used 10001K [0x00000000e0000000, 0x00000000f1500000, 0x0000000100000000)
  eden space 216576K, 0% used [0x00000000e0000000,0x00000000e0000000,0x00000000ed380000)
  from space 10752K, 93% used [0x00000000f0000000,0x00000000f09c4420,0x00000000f0a80000)
  to   space 10752K, 0% used [0x00000000f0a80000,0x00000000f0a80000,0x00000000f1500000)
 ParOldGen       total 103936K, used 14119K [0x00000000a0000000, 0x00000000a6580000, 0x00000000e0000000)
  object space 103936K, 13% used [0x00000000a0000000,0x00000000a0dc9db0,0x00000000a6580000)
 Metaspace       used 34432K, capacity 35430K, committed 35496K, reserved 1079296K
  class space    used 4698K, capacity 4978K, committed 5032K, reserved 1048576K
Event: 5.877 GC heap after
Heap after GC invocations=7 (full 2):
 PSYoungGen      total 227328K, used 0K [0x00000000e0000000, 0x00000000f1500000, 0x0000000100000000)
  eden space 216576K, 0% used [0x00000000e0000000,0x00000000e0000000,0x00000000ed380000)
  from space 10752K, 0% used [0x00000000f0000000,0x00000000f0000000,0x00000000f0a80000)
  to   space 10752K, 0% used [0x00000000f0a80000,0x00000000f0a80000,0x00000000f1500000)
 ParOldGen       total 103936K, used 17043K [0x00000000a0000000, 0x00000000a6580000, 0x00000000e0000000)
  object space 103936K, 16% used [0x00000000a0000000,0x00000000a10a4d40,0x00000000a6580000)
 Metaspace       used 34432K, capacity 35430K, committed 35496K, reserved 1079296K
  class space    used 4698K, capacity 4978K, committed 5032K, reserved 1048576K
}
Event: 8.066 GC heap before
{Heap before GC invocations=8 (full 2):
 PSYoungGen      total 227328K, used 216576K [0x00000000e0000000, 0x00000000f1500000, 0x0000000100000000)
  eden space 216576K, 100% used [0x00000000e0000000,0x00000000ed380000,0x00000000ed380000)
  from space 10752K, 0% used [0x00000000f0000000,0x00000000f0000000,0x00000000f0a80000)
  to   space 10752K, 0% used [0x00000000f0a80000,0x00000000f0a80000,0x00000000f1500000)
 ParOldGen       total 103936K, used 17043K [0x00000000a0000000, 0x00000000a6580000, 0x00000000e0000000)
  object space 103936K, 16% used [0x00000000a0000000,0x00000000a10a4d40,0x00000000a6580000)
 Metaspace       used 51013K, capacity 52858K, committed 53160K, reserved 1095680K
  class space    used 6810K, capacity 7212K, committed 7336K, reserved 1048576K
Event: 8.077 GC heap after
Heap after GC invocations=8 (full 2):
 PSYoungGen      total 262656K, used 10732K [0x00000000e0000000, 0x00000000f4d80000, 0x0000000100000000)
  eden space 251904K, 0% used [0x00000000e0000000,0x00000000e0000000,0x00000000ef600000)
  from space 10752K, 99% used [0x00000000f0a80000,0x00000000f14fb330,0x00000000f1500000)
  to   space 20992K, 0% used [0x00000000ef600000,0x00000000ef600000,0x00000000f0a80000)
 ParOldGen       total 103936K, used 28336K [0x00000000a0000000, 0x00000000a6580000, 0x00000000e0000000)
  object space 103936K, 27% used [0x00000000a0000000,0x00000000a1bac2e0,0x00000000a6580000)
 Metaspace       used 51013K, capacity 52858K, committed 53160K, reserved 1095680K
  class space    used 6810K, capacity 7212K, committed 7336K, reserved 1048576K
}
Event: 9.077 GC heap before
{Heap before GC invocations=9 (full 2):
 PSYoungGen      total 262656K, used 97061K [0x00000000e0000000, 0x00000000f4d80000, 0x0000000100000000)
  eden space 251904K, 34% used [0x00000000e0000000,0x00000000e544e238,0x00000000ef600000)
  from space 10752K, 99% used [0x00000000f0a80000,0x00000000f14fb330,0x00000000f1500000)
  to   space 20992K, 0% used [0x00000000ef600000,0x00000000ef600000,0x00000000f0a80000)
 ParOldGen       total 103936K, used 28336K [0x00000000a0000000, 0x00000000a6580000, 0x00000000e0000000)
  object space 103936K, 27% used [0x00000000a0000000,0x00000000a1bac2e0,0x00000000a6580000)
 Metaspace       used 56914K, capacity 59034K, committed 59160K, reserved 1099776K
  class space    used 7706K, capacity 8167K, committed 8232K, reserved 1048576K
Event: 9.089 GC heap after
Heap after GC invocations=9 (full 2):
 PSYoungGen      total 272896K, used 20782K [0x00000000e0000000, 0x00000000f4d80000, 0x0000000100000000)
  eden space 251904K, 0% used [0x00000000e0000000,0x00000000e0000000,0x00000000ef600000)
  from space 20992K, 99% used [0x00000000ef600000,0x00000000f0a4b8d8,0x00000000f0a80000)
  to   space 10752K, 0% used [0x00000000f0a80000,0x00000000f0a80000,0x00000000f1500000)
 ParOldGen       total 103936K, used 28344K [0x00000000a0000000, 0x00000000a6580000, 0x00000000e0000000)
  object space 103936K, 27% used [0x00000000a0000000,0x00000000a1bae2e0,0x00000000a6580000)
 Metaspace       used 56914K, capacity 59034K, committed 59160K, reserved 1099776K
  class space    used 7706K, capacity 8167K, committed 8232K, reserved 1048576K
}
Event: 9.089 GC heap before
{Heap before GC invocations=10 (full 3):
 PSYoungGen      total 272896K, used 20782K [0x00000000e0000000, 0x00000000f4d80000, 0x0000000100000000)
  eden space 251904K, 0% used [0x00000000e0000000,0x00000000e0000000,0x00000000ef600000)
  from space 20992K, 99% used [0x00000000ef600000,0x00000000f0a4b8d8,0x00000000f0a80000)
  to   space 10752K, 0% used [0x00000000f0a80000,0x00000000f0a80000,0x00000000f1500000)
 ParOldGen       total 103936K, used 28344K [0x00000000a0000000, 0x00000000a6580000, 0x00000000e0000000)
  object space 103936K, 27% used [0x00000000a0000000,0x00000000a1bae2e0,0x00000000a6580000)
 Metaspace       used 56914K, capacity 59034K, committed 59160K, reserved 1099776K
  class space    used 7706K, capacity 8167K, committed 8232K, reserved 1048576K
Event: 9.299 GC heap after
Heap after GC invocations=10 (full 3):
 PSYoungGen      total 272896K, used 0K [0x00000000e0000000, 0x00000000f4d80000, 0x0000000100000000)
  eden space 251904K, 0% used [0x00000000e0000000,0x00000000e0000000,0x00000000ef600000)
  from space 20992K, 0% used [0x00000000ef600000,0x00000000ef600000,0x00000000f0a80000)
  to   space 10752K, 0% used [0x00000000f0a80000,0x00000000f0a80000,0x00000000f1500000)
 ParOldGen       total 103936K, used 35302K [0x00000000a0000000, 0x00000000a6580000, 0x00000000e0000000)
  object space 103936K, 33% used [0x00000000a0000000,0x00000000a22799d0,0x00000000a6580000)
 Metaspace       used 56906K, capacity 59004K, committed 59160K, reserved 1099776K
  class space    used 7703K, capacity 8162K, committed 8232K, reserved 1048576K
}

