# JRE version: OpenJDK Runtime Environment (8.0_242-b01) (build 1.8.0_242-release-1644-b01)
# Java VM: OpenJDK 64-Bit Server VM (25.242-b01 mixed mode windows-amd64 compressed oops)
Heap:
 PSYoungGen      total 208384K, used 56224K [0x00000000e0000000, 0x00000000efe00000, 0x0000000100000000)
  eden space 189952K, 29% used [0x00000000e0000000,0x00000000e36e8138,0x00000000eb980000)
  from space 18432K, 0% used [0x00000000eec00000,0x00000000eec00000,0x00000000efe00000)
  to   space 12288K, 0% used [0x00000000eb980000,0x00000000eb980000,0x00000000ec580000)
 ParOldGen       total 139264K, used 31792K [0x00000000a0000000, 0x00000000a8800000, 0x00000000e0000000)
  object space 139264K, 22% used [0x00000000a0000000,0x00000000a1f0c2d0,0x00000000a8800000)
 Metaspace       used 59742K, capacity 61956K, committed 62104K, reserved 1103872K
  class space    used 8139K, capacity 8607K, committed 8616K, reserved 1048576K
GC Heap History (10 events):
Event: 3.432 GC heap before
{Heap before GC invocations=9 (full 2):
 PSYoungGen      total 120320K, used 9923K [0x00000000e0000000, 0x00000000ed400000, 0x0000000100000000)
  eden space 108544K, 0% used [0x00000000e0000000,0x00000000e0000000,0x00000000e6a00000)
  from space 11776K, 84% used [0x00000000e6a00000,0x00000000e73b0f88,0x00000000e7580000)
  to   space 12288K, 0% used [0x00000000ec800000,0x00000000ec800000,0x00000000ed400000)
 ParOldGen       total 95744K, used 7710K [0x00000000a0000000, 0x00000000a5d80000, 0x00000000e0000000)
  object space 95744K, 8% used [0x00000000a0000000,0x00000000a0787970,0x00000000a5d80000)
 Metaspace       used 34487K, capacity 35430K, committed 35496K, reserved 1079296K
  class space    used 4696K, capacity 4978K, committed 5032K, reserved 1048576K
Event: 3.482 GC heap after
Heap after GC invocations=9 (full 2):
 PSYoungGen      total 120320K, used 0K [0x00000000e0000000, 0x00000000ed400000, 0x0000000100000000)
  eden space 108544K, 0% used [0x00000000e0000000,0x00000000e0000000,0x00000000e6a00000)
  from space 11776K, 0% used [0x00000000e6a00000,0x00000000e6a00000,0x00000000e7580000)
  to   space 12288K, 0% used [0x00000000ec800000,0x00000000ec800000,0x00000000ed400000)
 ParOldGen       total 139264K, used 17007K [0x00000000a0000000, 0x00000000a8800000, 0x00000000e0000000)
  object space 139264K, 12% used [0x00000000a0000000,0x00000000a109bf08,0x00000000a8800000)
 Metaspace       used 34487K, capacity 35430K, committed 35496K, reserved 1079296K
  class space    used 4696K, capacity 4978K, committed 5032K, reserved 1048576K
}
Event: 4.311 GC heap before
{Heap before GC invocations=10 (full 2):
 PSYoungGen      total 120320K, used 108544K [0x00000000e0000000, 0x00000000ed400000, 0x0000000100000000)
  eden space 108544K, 100% used [0x00000000e0000000,0x00000000e6a00000,0x00000000e6a00000)
  from space 11776K, 0% used [0x00000000e6a00000,0x00000000e6a00000,0x00000000e7580000)
  to   space 12288K, 0% used [0x00000000ec800000,0x00000000ec800000,0x00000000ed400000)
 ParOldGen       total 139264K, used 17007K [0x00000000a0000000, 0x00000000a8800000, 0x00000000e0000000)
  object space 139264K, 12% used [0x00000000a0000000,0x00000000a109bf08,0x00000000a8800000)
 Metaspace       used 40582K, capacity 42278K, committed 42408K, reserved 1085440K
  class space    used 5583K, capacity 5956K, committed 6056K, reserved 1048576K
Event: 4.318 GC heap after
Heap after GC invocations=10 (full 2):
 PSYoungGen      total 178176K, used 9220K [0x00000000e0000000, 0x00000000ed180000, 0x0000000100000000)
  eden space 168448K, 0% used [0x00000000e0000000,0x00000000e0000000,0x00000000ea480000)
  from space 9728K, 94% used [0x00000000ec800000,0x00000000ed1013e8,0x00000000ed180000)
  to   space 12288K, 0% used [0x00000000eb980000,0x00000000eb980000,0x00000000ec580000)
 ParOldGen       total 139264K, used 17015K [0x00000000a0000000, 0x00000000a8800000, 0x00000000e0000000)
  object space 139264K, 12% used [0x00000000a0000000,0x00000000a109df08,0x00000000a8800000)
 Metaspace       used 40582K, capacity 42278K, committed 42408K, reserved 1085440K
  class space    used 5583K, capacity 5956K, committed 6056K, reserved 1048576K
}
Event: 5.752 GC heap before
{Heap before GC invocations=11 (full 2):
 PSYoungGen      total 178176K, used 177668K [0x00000000e0000000, 0x00000000ed180000, 0x0000000100000000)
  eden space 168448K, 100% used [0x00000000e0000000,0x00000000ea480000,0x00000000ea480000)
  from space 9728K, 94% used [0x00000000ec800000,0x00000000ed1013e8,0x00000000ed180000)
  to   space 12288K, 0% used [0x00000000eb980000,0x00000000eb980000,0x00000000ec580000)
 ParOldGen       total 139264K, used 17015K [0x00000000a0000000, 0x00000000a8800000, 0x00000000e0000000)
  object space 139264K, 12% used [0x00000000a0000000,0x00000000a109df08,0x00000000a8800000)
 Metaspace       used 55528K, capacity 57662K, committed 57896K, reserved 1099776K
  class space    used 7505K, capacity 7961K, committed 7976K, reserved 1048576K
Event: 5.787 GC heap after
Heap after GC invocations=11 (full 2):
 PSYoungGen      total 202240K, used 12284K [0x00000000e0000000, 0x00000000efe00000, 0x0000000100000000)
  eden space 189952K, 0% used [0x00000000e0000000,0x00000000e0000000,0x00000000eb980000)
  from space 12288K, 99% used [0x00000000eb980000,0x00000000ec57f320,0x00000000ec580000)
  to   space 18432K, 0% used [0x00000000eec00000,0x00000000eec00000,0x00000000efe00000)
 ParOldGen       total 139264K, used 30436K [0x00000000a0000000, 0x00000000a8800000, 0x00000000e0000000)
  object space 139264K, 21% used [0x00000000a0000000,0x00000000a1db90d0,0x00000000a8800000)
 Metaspace       used 55528K, capacity 57662K, committed 57896K, reserved 1099776K
  class space    used 7505K, capacity 7961K, committed 7976K, reserved 1048576K
}
Event: 6.004 GC heap before
{Heap before GC invocations=12 (full 2):
 PSYoungGen      total 202240K, used 33782K [0x00000000e0000000, 0x00000000efe00000, 0x0000000100000000)
  eden space 189952K, 11% used [0x00000000e0000000,0x00000000e14fe768,0x00000000eb980000)
  from space 12288K, 99% used [0x00000000eb980000,0x00000000ec57f320,0x00000000ec580000)
  to   space 18432K, 0% used [0x00000000eec00000,0x00000000eec00000,0x00000000efe00000)
 ParOldGen       total 139264K, used 30436K [0x00000000a0000000, 0x00000000a8800000, 0x00000000e0000000)
  object space 139264K, 21% used [0x00000000a0000000,0x00000000a1db90d0,0x00000000a8800000)
 Metaspace       used 56929K, capacity 59098K, committed 59160K, reserved 1099776K
  class space    used 7709K, capacity 8205K, committed 8232K, reserved 1048576K
Event: 6.014 GC heap after
Heap after GC invocations=12 (full 2):
 PSYoungGen      total 208384K, used 10636K [0x00000000e0000000, 0x00000000efe00000, 0x0000000100000000)
  eden space 189952K, 0% used [0x00000000e0000000,0x00000000e0000000,0x00000000eb980000)
  from space 18432K, 57% used [0x00000000eec00000,0x00000000ef663118,0x00000000efe00000)
  to   space 12288K, 0% used [0x00000000eb980000,0x00000000eb980000,0x00000000ec580000)
 ParOldGen       total 139264K, used 34343K [0x00000000a0000000, 0x00000000a8800000, 0x00000000e0000000)
  object space 139264K, 24% used [0x00000000a0000000,0x00000000a2189cd8,0x00000000a8800000)
 Metaspace       used 56929K, capacity 59098K, committed 59160K, reserved 1099776K
  class space    used 7709K, capacity 8205K, committed 8232K, reserved 1048576K
}
Event: 6.014 GC heap before
{Heap before GC invocations=13 (full 3):
 PSYoungGen      total 208384K, used 10636K [0x00000000e0000000, 0x00000000efe00000, 0x0000000100000000)
  eden space 189952K, 0% used [0x00000000e0000000,0x00000000e0000000,0x00000000eb980000)
  from space 18432K, 57% used [0x00000000eec00000,0x00000000ef663118,0x00000000efe00000)
  to   space 12288K, 0% used [0x00000000eb980000,0x00000000eb980000,0x00000000ec580000)
 ParOldGen       total 139264K, used 34343K [0x00000000a0000000, 0x00000000a8800000, 0x00000000e0000000)
  object space 139264K, 24% used [0x00000000a0000000,0x00000000a2189cd8,0x00000000a8800000)
 Metaspace       used 56929K, capacity 59098K, committed 59160K, reserved 1099776K
  class space    used 7709K, capacity 8205K, committed 8232K, reserved 1048576K
Event: 6.177 GC heap after
Heap after GC invocations=13 (full 3):
 PSYoungGen      total 208384K, used 0K [0x00000000e0000000, 0x00000000efe00000, 0x0000000100000000)
  eden space 189952K, 0% used [0x00000000e0000000,0x00000000e0000000,0x00000000eb980000)
  from space 18432K, 0% used [0x00000000eec00000,0x00000000eec00000,0x00000000efe00000)
  to   space 12288K, 0% used [0x00000000eb980000,0x00000000eb980000,0x00000000ec580000)
 ParOldGen       total 139264K, used 31792K [0x00000000a0000000, 0x00000000a8800000, 0x00000000e0000000)
  object space 139264K, 22% used [0x00000000a0000000,0x00000000a1f0c2d0,0x00000000a8800000)
 Metaspace       used 56914K, capacity 59050K, committed 59160K, reserved 1099776K
  class space    used 7704K, capacity 8197K, committed 8232K, reserved 1048576K
}

