# JRE version: OpenJDK Runtime Environment (8.0_242-b01) (build 1.8.0_242-release-1644-b01)
# Java VM: OpenJDK 64-Bit Server VM (25.242-b01 mixed mode windows-amd64 compressed oops)
Heap:
 PSYoungGen      total 216064K, used 156197K [0x00000000e0000000, 0x00000000ef380000, 0x0000000100000000)
  eden space 197120K, 79% used [0x00000000e0000000,0x00000000e9889590,0x00000000ec080000)
  from space 18944K, 0% used [0x00000000ee100000,0x00000000ee100000,0x00000000ef380000)
  to   space 12288K, 0% used [0x00000000ec080000,0x00000000ec080000,0x00000000ecc80000)
 ParOldGen       total 139264K, used 31689K [0x00000000a0000000, 0x00000000a8800000, 0x00000000e0000000)
  object space 139264K, 22% used [0x00000000a0000000,0x00000000a1ef2400,0x00000000a8800000)
 Metaspace       used 64005K, capacity 66406K, committed 66584K, reserved 1105920K
  class space    used 8774K, capacity 9246K, committed 9256K, reserved 1048576K
GC Heap History (10 events):
Event: 4.038 GC heap before
{Heap before GC invocations=9 (full 2):
 PSYoungGen      total 125952K, used 9763K [0x00000000e0000000, 0x00000000eda80000, 0x0000000100000000)
  eden space 113664K, 0% used [0x00000000e0000000,0x00000000e0000000,0x00000000e6f00000)
  from space 12288K, 79% used [0x00000000e6f00000,0x00000000e7888fd0,0x00000000e7b00000)
  to   space 12288K, 0% used [0x00000000ece80000,0x00000000ece80000,0x00000000eda80000)
 ParOldGen       total 90112K, used 7737K [0x00000000a0000000, 0x00000000a5800000, 0x00000000e0000000)
  object space 90112K, 8% used [0x00000000a0000000,0x00000000a078e520,0x00000000a5800000)
 Metaspace       used 34431K, capacity 35430K, committed 35496K, reserved 1079296K
  class space    used 4693K, capacity 4978K, committed 5032K, reserved 1048576K
Event: 4.075 GC heap after
Heap after GC invocations=9 (full 2):
 PSYoungGen      total 125952K, used 0K [0x00000000e0000000, 0x00000000eda80000, 0x0000000100000000)
  eden space 113664K, 0% used [0x00000000e0000000,0x00000000e0000000,0x00000000e6f00000)
  from space 12288K, 0% used [0x00000000e6f00000,0x00000000e6f00000,0x00000000e7b00000)
  to   space 12288K, 0% used [0x00000000ece80000,0x00000000ece80000,0x00000000eda80000)
 ParOldGen       total 139264K, used 16942K [0x00000000a0000000, 0x00000000a8800000, 0x00000000e0000000)
  object space 139264K, 12% used [0x00000000a0000000,0x00000000a108b960,0x00000000a8800000)
 Metaspace       used 34431K, capacity 35430K, committed 35496K, reserved 1079296K
  class space    used 4693K, capacity 4978K, committed 5032K, reserved 1048576K
}
Event: 4.882 GC heap before
{Heap before GC invocations=10 (full 2):
 PSYoungGen      total 125952K, used 113664K [0x00000000e0000000, 0x00000000eda80000, 0x0000000100000000)
  eden space 113664K, 100% used [0x00000000e0000000,0x00000000e6f00000,0x00000000e6f00000)
  from space 12288K, 0% used [0x00000000e6f00000,0x00000000e6f00000,0x00000000e7b00000)
  to   space 12288K, 0% used [0x00000000ece80000,0x00000000ece80000,0x00000000eda80000)
 ParOldGen       total 139264K, used 16942K [0x00000000a0000000, 0x00000000a8800000, 0x00000000e0000000)
  object space 139264K, 12% used [0x00000000a0000000,0x00000000a108b960,0x00000000a8800000)
 Metaspace       used 41101K, capacity 42702K, committed 42920K, reserved 1085440K
  class space    used 5634K, capacity 6016K, committed 6056K, reserved 1048576K
Event: 4.889 GC heap after
Heap after GC invocations=10 (full 2):
 PSYoungGen      total 177152K, used 9744K [0x00000000e0000000, 0x00000000ed880000, 0x0000000100000000)
  eden space 166912K, 0% used [0x00000000e0000000,0x00000000e0000000,0x00000000ea300000)
  from space 10240K, 95% used [0x00000000ece80000,0x00000000ed8042c0,0x00000000ed880000)
  to   space 12288K, 0% used [0x00000000ec080000,0x00000000ec080000,0x00000000ecc80000)
 ParOldGen       total 139264K, used 16950K [0x00000000a0000000, 0x00000000a8800000, 0x00000000e0000000)
  object space 139264K, 12% used [0x00000000a0000000,0x00000000a108d960,0x00000000a8800000)
 Metaspace       used 41101K, capacity 42702K, committed 42920K, reserved 1085440K
  class space    used 5634K, capacity 6016K, committed 6056K, reserved 1048576K
}
Event: 6.102 GC heap before
{Heap before GC invocations=11 (full 2):
 PSYoungGen      total 177152K, used 176656K [0x00000000e0000000, 0x00000000ed880000, 0x0000000100000000)
  eden space 166912K, 100% used [0x00000000e0000000,0x00000000ea300000,0x00000000ea300000)
  from space 10240K, 95% used [0x00000000ece80000,0x00000000ed8042c0,0x00000000ed880000)
  to   space 12288K, 0% used [0x00000000ec080000,0x00000000ec080000,0x00000000ecc80000)
 ParOldGen       total 139264K, used 16950K [0x00000000a0000000, 0x00000000a8800000, 0x00000000e0000000)
  object space 139264K, 12% used [0x00000000a0000000,0x00000000a108d960,0x00000000a8800000)
 Metaspace       used 55643K, capacity 57738K, committed 58024K, reserved 1099776K
  class space    used 7521K, capacity 7989K, committed 8104K, reserved 1048576K
Event: 6.116 GC heap after
Heap after GC invocations=11 (full 2):
 PSYoungGen      total 209408K, used 12260K [0x00000000e0000000, 0x00000000ef380000, 0x0000000100000000)
  eden space 197120K, 0% used [0x00000000e0000000,0x00000000e0000000,0x00000000ec080000)
  from space 12288K, 99% used [0x00000000ec080000,0x00000000ecc79310,0x00000000ecc80000)
  to   space 18944K, 0% used [0x00000000ee100000,0x00000000ee100000,0x00000000ef380000)
 ParOldGen       total 139264K, used 30115K [0x00000000a0000000, 0x00000000a8800000, 0x00000000e0000000)
  object space 139264K, 21% used [0x00000000a0000000,0x00000000a1d68db0,0x00000000a8800000)
 Metaspace       used 55643K, capacity 57738K, committed 58024K, reserved 1099776K
  class space    used 7521K, capacity 7989K, committed 8104K, reserved 1048576K
}
Event: 6.274 GC heap before
{Heap before GC invocations=12 (full 2):
 PSYoungGen      total 209408K, used 34656K [0x00000000e0000000, 0x00000000ef380000, 0x0000000100000000)
  eden space 197120K, 11% used [0x00000000e0000000,0x00000000e15deeb8,0x00000000ec080000)
  from space 12288K, 99% used [0x00000000ec080000,0x00000000ecc79310,0x00000000ecc80000)
  to   space 18944K, 0% used [0x00000000ee100000,0x00000000ee100000,0x00000000ef380000)
 ParOldGen       total 139264K, used 30115K [0x00000000a0000000, 0x00000000a8800000, 0x00000000e0000000)
  object space 139264K, 21% used [0x00000000a0000000,0x00000000a1d68db0,0x00000000a8800000)
 Metaspace       used 56886K, capacity 59126K, committed 59160K, reserved 1099776K
  class space    used 7707K, capacity 8199K, committed 8232K, reserved 1048576K
Event: 6.285 GC heap after
Heap after GC invocations=12 (full 2):
 PSYoungGen      total 216064K, used 14262K [0x00000000e0000000, 0x00000000ef380000, 0x0000000100000000)
  eden space 197120K, 0% used [0x00000000e0000000,0x00000000e0000000,0x00000000ec080000)
  from space 18944K, 75% used [0x00000000ee100000,0x00000000eeeeda80,0x00000000ef380000)
  to   space 12288K, 0% used [0x00000000ec080000,0x00000000ec080000,0x00000000ecc80000)
 ParOldGen       total 139264K, used 30123K [0x00000000a0000000, 0x00000000a8800000, 0x00000000e0000000)
  object space 139264K, 21% used [0x00000000a0000000,0x00000000a1d6adb0,0x00000000a8800000)
 Metaspace       used 56886K, capacity 59126K, committed 59160K, reserved 1099776K
  class space    used 7707K, capacity 8199K, committed 8232K, reserved 1048576K
}
Event: 6.285 GC heap before
{Heap before GC invocations=13 (full 3):
 PSYoungGen      total 216064K, used 14262K [0x00000000e0000000, 0x00000000ef380000, 0x0000000100000000)
  eden space 197120K, 0% used [0x00000000e0000000,0x00000000e0000000,0x00000000ec080000)
  from space 18944K, 75% used [0x00000000ee100000,0x00000000eeeeda80,0x00000000ef380000)
  to   space 12288K, 0% used [0x00000000ec080000,0x00000000ec080000,0x00000000ecc80000)
 ParOldGen       total 139264K, used 30123K [0x00000000a0000000, 0x00000000a8800000, 0x00000000e0000000)
  object space 139264K, 21% used [0x00000000a0000000,0x00000000a1d6adb0,0x00000000a8800000)
 Metaspace       used 56886K, capacity 59126K, committed 59160K, reserved 1099776K
  class space    used 7707K, capacity 8199K, committed 8232K, reserved 1048576K
Event: 6.421 GC heap after
Heap after GC invocations=13 (full 3):
 PSYoungGen      total 216064K, used 0K [0x00000000e0000000, 0x00000000ef380000, 0x0000000100000000)
  eden space 197120K, 0% used [0x00000000e0000000,0x00000000e0000000,0x00000000ec080000)
  from space 18944K, 0% used [0x00000000ee100000,0x00000000ee100000,0x00000000ef380000)
  to   space 12288K, 0% used [0x00000000ec080000,0x00000000ec080000,0x00000000ecc80000)
 ParOldGen       total 139264K, used 31689K [0x00000000a0000000, 0x00000000a8800000, 0x00000000e0000000)
  object space 139264K, 22% used [0x00000000a0000000,0x00000000a1ef2400,0x00000000a8800000)
 Metaspace       used 56879K, capacity 59102K, committed 59160K, reserved 1099776K
  class space    used 7705K, capacity 8195K, committed 8232K, reserved 1048576K
}

