# JRE version: OpenJDK Runtime Environment (8.0_242-b01) (build 1.8.0_242-release-1644-b01)
# Java VM: OpenJDK 64-Bit Server VM (25.242-b01 mixed mode windows-amd64 compressed oops)
Heap:
 PSYoungGen      total 240640K, used 66888K [0x00000000e0000000, 0x00000000ef900000, 0x0000000100000000)
  eden space 226304K, 23% used [0x00000000e0000000,0x00000000e33527b8,0x00000000edd00000)
  from space 14336K, 99% used [0x00000000edd00000,0x00000000eeaff980,0x00000000eeb00000)
  to   space 12800K, 0% used [0x00000000eec80000,0x00000000eec80000,0x00000000ef900000)
 ParOldGen       total 135680K, used 26246K [0x00000000a0000000, 0x00000000a8480000, 0x00000000e0000000)
  object space 135680K, 19% used [0x00000000a0000000,0x00000000a19a1ab0,0x00000000a8480000)
 Metaspace       used 55134K, capacity 57166K, committed 57384K, reserved 1099776K
  class space    used 7435K, capacity 7899K, committed 7976K, reserved 1048576K
GC Heap History (10 events):
Event: 2.103 GC heap before
{Heap before GC invocations=5 (full 1):
 PSYoungGen      total 141824K, used 7823K [0x00000000e0000000, 0x00000000e9500000, 0x0000000100000000)
  eden space 131072K, 0% used [0x00000000e0000000,0x00000000e0000000,0x00000000e8000000)
  from space 10752K, 72% used [0x00000000e8a80000,0x00000000e9223e28,0x00000000e9500000)
  to   space 10752K, 0% used [0x00000000e8000000,0x00000000e8000000,0x00000000e8a80000)
 ParOldGen       total 175104K, used 1277K [0x00000000a0000000, 0x00000000aab00000, 0x00000000e0000000)
  object space 175104K, 0% used [0x00000000a0000000,0x00000000a013f448,0x00000000aab00000)
 Metaspace       used 20580K, capacity 21230K, committed 21296K, reserved 1067008K
  class space    used 2894K, capacity 3097K, committed 3120K, reserved 1048576K
Event: 2.124 GC heap after
Heap after GC invocations=5 (full 1):
 PSYoungGen      total 141824K, used 0K [0x00000000e0000000, 0x00000000e9500000, 0x0000000100000000)
  eden space 131072K, 0% used [0x00000000e0000000,0x00000000e0000000,0x00000000e8000000)
  from space 10752K, 0% used [0x00000000e8a80000,0x00000000e8a80000,0x00000000e9500000)
  to   space 10752K, 0% used [0x00000000e8000000,0x00000000e8000000,0x00000000e8a80000)
 ParOldGen       total 90624K, used 7710K [0x00000000a0000000, 0x00000000a5880000, 0x00000000e0000000)
  object space 90624K, 8% used [0x00000000a0000000,0x00000000a0787998,0x00000000a5880000)
 Metaspace       used 20580K, capacity 21230K, committed 21296K, reserved 1067008K
  class space    used 2894K, capacity 3097K, committed 3120K, reserved 1048576K
}
Event: 2.996 GC heap before
{Heap before GC invocations=6 (full 1):
 PSYoungGen      total 141824K, used 131072K [0x00000000e0000000, 0x00000000e9500000, 0x0000000100000000)
  eden space 131072K, 100% used [0x00000000e0000000,0x00000000e8000000,0x00000000e8000000)
  from space 10752K, 0% used [0x00000000e8a80000,0x00000000e8a80000,0x00000000e9500000)
  to   space 10752K, 0% used [0x00000000e8000000,0x00000000e8000000,0x00000000e8a80000)
 ParOldGen       total 90624K, used 7710K [0x00000000a0000000, 0x00000000a5880000, 0x00000000e0000000)
  object space 90624K, 8% used [0x00000000a0000000,0x00000000a0787998,0x00000000a5880000)
 Metaspace       used 32054K, capacity 32934K, committed 33072K, reserved 1077248K
  class space    used 4343K, capacity 4626K, committed 4656K, reserved 1048576K
Event: 3.010 GC heap after
Heap after GC invocations=6 (full 1):
 PSYoungGen      total 141824K, used 10742K [0x00000000e0000000, 0x00000000efb00000, 0x0000000100000000)
  eden space 131072K, 0% used [0x00000000e0000000,0x00000000e0000000,0x00000000e8000000)
  from space 10752K, 99% used [0x00000000e8000000,0x00000000e8a7db00,0x00000000e8a80000)
  to   space 14848K, 0% used [0x00000000eec80000,0x00000000eec80000,0x00000000efb00000)
 ParOldGen       total 90624K, used 9743K [0x00000000a0000000, 0x00000000a5880000, 0x00000000e0000000)
  object space 90624K, 10% used [0x00000000a0000000,0x00000000a0983eb8,0x00000000a5880000)
 Metaspace       used 32054K, capacity 32934K, committed 33072K, reserved 1077248K
  class space    used 4343K, capacity 4626K, committed 4656K, reserved 1048576K
}
Event: 3.337 GC heap before
{Heap before GC invocations=7 (full 1):
 PSYoungGen      total 141824K, used 59277K [0x00000000e0000000, 0x00000000efb00000, 0x0000000100000000)
  eden space 131072K, 37% used [0x00000000e0000000,0x00000000e2f65c78,0x00000000e8000000)
  from space 10752K, 99% used [0x00000000e8000000,0x00000000e8a7db00,0x00000000e8a80000)
  to   space 14848K, 0% used [0x00000000eec80000,0x00000000eec80000,0x00000000efb00000)
 ParOldGen       total 90624K, used 9743K [0x00000000a0000000, 0x00000000a5880000, 0x00000000e0000000)
  object space 90624K, 10% used [0x00000000a0000000,0x00000000a0983eb8,0x00000000a5880000)
 Metaspace       used 34484K, capacity 35430K, committed 35496K, reserved 1079296K
  class space    used 4695K, capacity 4978K, committed 5032K, reserved 1048576K
Event: 3.345 GC heap after
Heap after GC invocations=7 (full 1):
 PSYoungGen      total 239104K, used 9965K [0x00000000e0000000, 0x00000000ef900000, 0x0000000100000000)
  eden space 226304K, 0% used [0x00000000e0000000,0x00000000e0000000,0x00000000edd00000)
  from space 12800K, 77% used [0x00000000eec80000,0x00000000ef63b5d0,0x00000000ef900000)
  to   space 14336K, 0% used [0x00000000edd00000,0x00000000edd00000,0x00000000eeb00000)
 ParOldGen       total 90624K, used 9751K [0x00000000a0000000, 0x00000000a5880000, 0x00000000e0000000)
  object space 90624K, 10% used [0x00000000a0000000,0x00000000a0985eb8,0x00000000a5880000)
 Metaspace       used 34484K, capacity 35430K, committed 35496K, reserved 1079296K
  class space    used 4695K, capacity 4978K, committed 5032K, reserved 1048576K
}
Event: 3.345 GC heap before
{Heap before GC invocations=8 (full 2):
 PSYoungGen      total 239104K, used 9965K [0x00000000e0000000, 0x00000000ef900000, 0x0000000100000000)
  eden space 226304K, 0% used [0x00000000e0000000,0x00000000e0000000,0x00000000edd00000)
  from space 12800K, 77% used [0x00000000eec80000,0x00000000ef63b5d0,0x00000000ef900000)
  to   space 14336K, 0% used [0x00000000edd00000,0x00000000edd00000,0x00000000eeb00000)
 ParOldGen       total 90624K, used 9751K [0x00000000a0000000, 0x00000000a5880000, 0x00000000e0000000)
  object space 90624K, 10% used [0x00000000a0000000,0x00000000a0985eb8,0x00000000a5880000)
 Metaspace       used 34484K, capacity 35430K, committed 35496K, reserved 1079296K
  class space    used 4695K, capacity 4978K, committed 5032K, reserved 1048576K
Event: 3.382 GC heap after
Heap after GC invocations=8 (full 2):
 PSYoungGen      total 239104K, used 0K [0x00000000e0000000, 0x00000000ef900000, 0x0000000100000000)
  eden space 226304K, 0% used [0x00000000e0000000,0x00000000e0000000,0x00000000edd00000)
  from space 12800K, 0% used [0x00000000eec80000,0x00000000eec80000,0x00000000ef900000)
  to   space 14336K, 0% used [0x00000000edd00000,0x00000000edd00000,0x00000000eeb00000)
 ParOldGen       total 135680K, used 17085K [0x00000000a0000000, 0x00000000a8480000, 0x00000000e0000000)
  object space 135680K, 12% used [0x00000000a0000000,0x00000000a10af508,0x00000000a8480000)
 Metaspace       used 34484K, capacity 35430K, committed 35496K, reserved 1079296K
  class space    used 4695K, capacity 4978K, committed 5032K, reserved 1048576K
}
Event: 5.323 GC heap before
{Heap before GC invocations=9 (full 2):
 PSYoungGen      total 239104K, used 226304K [0x00000000e0000000, 0x00000000ef900000, 0x0000000100000000)
  eden space 226304K, 100% used [0x00000000e0000000,0x00000000edd00000,0x00000000edd00000)
  from space 12800K, 0% used [0x00000000eec80000,0x00000000eec80000,0x00000000ef900000)
  to   space 14336K, 0% used [0x00000000edd00000,0x00000000edd00000,0x00000000eeb00000)
 ParOldGen       total 135680K, used 17085K [0x00000000a0000000, 0x00000000a8480000, 0x00000000e0000000)
  object space 135680K, 12% used [0x00000000a0000000,0x00000000a10af508,0x00000000a8480000)
 Metaspace       used 51941K, capacity 53790K, committed 54056K, reserved 1095680K
  class space    used 6913K, capacity 7347K, committed 7464K, reserved 1048576K
Event: 5.339 GC heap after
Heap after GC invocations=9 (full 2):
 PSYoungGen      total 240640K, used 14334K [0x00000000e0000000, 0x00000000ef900000, 0x0000000100000000)
  eden space 226304K, 0% used [0x00000000e0000000,0x00000000e0000000,0x00000000edd00000)
  from space 14336K, 99% used [0x00000000edd00000,0x00000000eeaff980,0x00000000eeb00000)
  to   space 12800K, 0% used [0x00000000eec80000,0x00000000eec80000,0x00000000ef900000)
 ParOldGen       total 135680K, used 26246K [0x00000000a0000000, 0x00000000a8480000, 0x00000000e0000000)
  object space 135680K, 19% used [0x00000000a0000000,0x00000000a19a1ab0,0x00000000a8480000)
 Metaspace       used 51941K, capacity 53790K, committed 54056K, reserved 1095680K
  class space    used 6913K, capacity 7347K, committed 7464K, reserved 1048576K
}

